Build started 1/27/2013 1:39:17 AM.
     1>Project "D:\cocos2d-2.1beta3-x-2.1.0\WaterDemo\proj.win32\WaterDemo.win32.vcxproj" on node 2 (build target(s)).
     1>InitializeBuildStatus:
         Touching "Debug.win32\WaterDemo.win32.unsuccessfulbuild".
       ClCompile:
         All outputs are up-to-date.
       ResourceCompile:
         All outputs are up-to-date.
       ManifestResourceCompile:
         All outputs are up-to-date.
       Link:
         C:\Program Files (x86)\Microsoft Visual Studio 10.0\VC\bin\link.exe /ERRORREPORT:PROMPT /OUT:"D:\cocos2d-2.1beta3-x-2.1.0\Debug.win32\WaterDemo.win32.exe" /INCREMENTAL /NOLOGO /LIBPATH:"D:\cocos2d-2.1beta3-x-2.1.0\Debug.win32\\" libcocos2d.lib libExtensions.lib opengl32.lib glew32.lib libBox2d.lib libCocosDenshion.lib kernel32.lib user32.lib gdi32.lib winspool.lib comdlg32.lib advapi32.lib shell32.lib ole32.lib oleaut32.lib uuid.lib odbc32.lib odbccp32.lib /MANIFEST /ManifestFile:"Debug.win32\WaterDemo.win32.exe.intermediate.manifest" /MANIFESTUAC:"level='asInvoker' uiAccess='false'" /DEBUG /PDB:"D:\cocos2d-2.1beta3-x-2.1.0\Debug.win32\WaterDemo.win32.pdb" /SUBSYSTEM:WINDOWS /TLBID:1 /DYNAMICBASE /NXCOMPAT /IMPLIB:"D:\cocos2d-2.1beta3-x-2.1.0\Debug.win32\WaterDemo.win32.lib" /MACHINE:X86 Debug.win32\WaterDemo.res
         Debug.win32\WaterDemo.win32.exe.embed.manifest.res
         Debug.win32\AppDelegate.obj
         Debug.win32\HelloWorldScene.obj
         Debug.win32\main.obj
         Debug.win32\Particle.obj
         Debug.win32\Water.obj
     1>libExtensions.lib(CCPhysicsDebugNode.obj) : error LNK2019: unresolved external symbol _cpSpaceEachConstraint referenced in function "public: virtual void __thiscall cocos2d::extension::CCPhysicsDebugNode::draw(void)" (?draw@CCPhysicsDebugNode@extension@cocos2d@@UAEXXZ)
     1>libExtensions.lib(CCPhysicsDebugNode.obj) : error LNK2019: unresolved external symbol _cpSpaceEachShape referenced in function "public: virtual void __thiscall cocos2d::extension::CCPhysicsDebugNode::draw(void)" (?draw@CCPhysicsDebugNode@extension@cocos2d@@UAEXXZ)
     1>libExtensions.lib(CCPhysicsDebugNode.obj) : error LNK2019: unresolved external symbol _cpMessage referenced in function "void __cdecl cocos2d::extension::DrawShape(struct cpShape *,class cocos2d::CCDrawNode *)" (?DrawShape@extension@cocos2d@@YAXPAUcpShape@@PAVCCDrawNode@2@@Z)
     1>libExtensions.lib(CCPhysicsDebugNode.obj) : error LNK2019: unresolved external symbol _cpDampedSpringGetClass referenced in function "void __cdecl cocos2d::extension::DrawConstraint(struct cpConstraint *,class cocos2d::CCDrawNode *)" (?DrawConstraint@extension@cocos2d@@YAXPAUcpConstraint@@PAVCCDrawNode@2@@Z)
     1>libExtensions.lib(CCPhysicsDebugNode.obj) : error LNK2019: unresolved external symbol _cpGrooveJointGetClass referenced in function "void __cdecl cocos2d::extension::DrawConstraint(struct cpConstraint *,class cocos2d::CCDrawNode *)" (?DrawConstraint@extension@cocos2d@@YAXPAUcpConstraint@@PAVCCDrawNode@2@@Z)
     1>libExtensions.lib(CCPhysicsDebugNode.obj) : error LNK2019: unresolved external symbol _cpPivotJointGetClass referenced in function "void __cdecl cocos2d::extension::DrawConstraint(struct cpConstraint *,class cocos2d::CCDrawNode *)" (?DrawConstraint@extension@cocos2d@@YAXPAUcpConstraint@@PAVCCDrawNode@2@@Z)
     1>libExtensions.lib(CCPhysicsDebugNode.obj) : error LNK2019: unresolved external symbol _cpSlideJointGetClass referenced in function "void __cdecl cocos2d::extension::DrawConstraint(struct cpConstraint *,class cocos2d::CCDrawNode *)" (?DrawConstraint@extension@cocos2d@@YAXPAUcpConstraint@@PAVCCDrawNode@2@@Z)
     1>libExtensions.lib(CCPhysicsDebugNode.obj) : error LNK2019: unresolved external symbol _cpPinJointGetClass referenced in function "void __cdecl cocos2d::extension::DrawConstraint(struct cpConstraint *,class cocos2d::CCDrawNode *)" (?DrawConstraint@extension@cocos2d@@YAXPAUcpConstraint@@PAVCCDrawNode@2@@Z)
     1>D:\cocos2d-2.1beta3-x-2.1.0\Debug.win32\WaterDemo.win32.exe : fatal error LNK1120: 8 unresolved externals
     1>Done Building Project "D:\cocos2d-2.1beta3-x-2.1.0\WaterDemo\proj.win32\WaterDemo.win32.vcxproj" (build target(s)) -- FAILED.

Build FAILED.

Time Elapsed 00:00:00.67
